<?xml version="1.0" encoding="utf-8"?>
<TestRun id="de5da0fe-420d-4047-93d5-e38084018f97" name="Hey@DESKTOP-NFND817 2026-04-13 16:01:56" runUser="DESKTOP-NFND817\Hey" xmlns="http://microsoft.com/schemas/VisualStudio/TeamTest/2010">
  <Times creation="2026-04-13T16:01:56.9439985+05:30" queuing="2026-04-13T16:01:56.9439991+05:30" start="2026-04-13T16:01:52.9955275+05:30" finish="2026-04-13T16:01:56.9624670+05:30" />
  <TestSettings name="default" id="550875a4-cb9e-4c26-86ef-bafcb11ee9cb">
    <Deployment runDeploymentRoot="Hey_DESKTOP-NFND817_2026-04-13_16_01_56" />
  </TestSettings>
  <Results>
    <UnitTestResult executionId="74f31396-f5de-49f4-80d2-fb6b0bae21a0" testId="31c045f6-011c-eeec-9dea-37174833d81e" testName="IdentityAuth.Domain.Tests.UserTests.UpdateCreditLimit_StoresNewValue" computerName="DESKTOP-NFND817" duration="00:00:00.0065489" startTime="2026-04-13T16:01:56.5259923+05:30" endTime="2026-04-13T16:01:56.5261382+05:30" testType="13cdc9d9-ddb5-4fa4-a97d-d965ccfc6d4b" outcome="Passed" testListId="8c84fa94-04c1-424b-9868-57a2d4851a1d" relativeResultsDirectory="74f31396-f5de-49f4-80d2-fb6b0bae21a0" />
    <UnitTestResult executionId="9e0afd54-5414-4337-9704-5fe8a57cae24" testId="1efe4b94-cbf4-34ca-3492-a3f9bb877649" testName="IdentityAuth.Domain.Tests.UserTests.ApproveDealer_ActivatesUserAndClearsRejectionReason" computerName="DESKTOP-NFND817" duration="00:00:00.0005079" startTime="2026-04-13T16:01:56.5265016+05:30" endTime="2026-04-13T16:01:56.5266152+05:30" testType="13cdc9d9-ddb5-4fa4-a97d-d965ccfc6d4b" outcome="Passed" testListId="8c84fa94-04c1-424b-9868-57a2d4851a1d" relativeResultsDirectory="9e0afd54-5414-4337-9704-5fe8a57cae24" />
    <UnitTestResult executionId="268b751a-4f98-4987-9534-a9dce0f2ace9" testId="f3083166-06d6-4e12-f1cb-102a79940166" testName="IdentityAuth.Domain.Tests.UserTests.CreateDealer_SetsDealerRolePendingStatusAndProfile" computerName="DESKTOP-NFND817" duration="00:00:00.0149673" startTime="2026-04-13T16:01:56.5238810+05:30" endTime="2026-04-13T16:01:56.5240877+05:30" testType="13cdc9d9-ddb5-4fa4-a97d-d965ccfc6d4b" outcome="Passed" testListId="8c84fa94-04c1-424b-9868-57a2d4851a1d" relativeResultsDirectory="268b751a-4f98-4987-9534-a9dce0f2ace9" />
    <UnitTestResult executionId="8a112586-e99c-477f-adac-41c8cf935665" testId="e795c42d-ca3d-caef-ccff-8fe79ffd0268" testName="IdentityAuth.Domain.Tests.UserTests.RejectDealer_SetsRejectedStatusAndTrimmedReason" computerName="DESKTOP-NFND817" duration="00:00:00.0462275" startTime="2026-04-13T16:01:56.4272160+05:30" endTime="2026-04-13T16:01:56.4984233+05:30" testType="13cdc9d9-ddb5-4fa4-a97d-d965ccfc6d4b" outcome="Passed" testListId="8c84fa94-04c1-424b-9868-57a2d4851a1d" relativeResultsDirectory="8a112586-e99c-477f-adac-41c8cf935665" />
  </Results>
  <TestDefinitions>
    <UnitTest name="IdentityAuth.Domain.Tests.UserTests.UpdateCreditLimit_StoresNewValue" storage="c:\users\hey\desktop\demo\tests\identityauth.domain.tests\bin\release\net10.0\identityauth.domain.tests.dll" id="31c045f6-011c-eeec-9dea-37174833d81e">
      <Execution id="74f31396-f5de-49f4-80d2-fb6b0bae21a0" />
      <TestMethod codeBase="C:\Users\Hey\Desktop\demo\tests\IdentityAuth.Domain.Tests\bin\Release\net10.0\IdentityAuth.Domain.Tests.dll" adapterTypeName="executor://xunit/VsTestRunner3/netcore/" className="IdentityAuth.Domain.Tests.UserTests" name="UpdateCreditLimit_StoresNewValue" />
    </UnitTest>
    <UnitTest name="IdentityAuth.Domain.Tests.UserTests.RejectDealer_SetsRejectedStatusAndTrimmedReason" storage="c:\users\hey\desktop\demo\tests\identityauth.domain.tests\bin\release\net10.0\identityauth.domain.tests.dll" id="e795c42d-ca3d-caef-ccff-8fe79ffd0268">
      <Execution id="8a112586-e99c-477f-adac-41c8cf935665" />
      <TestMethod codeBase="C:\Users\Hey\Desktop\demo\tests\IdentityAuth.Domain.Tests\bin\Release\net10.0\IdentityAuth.Domain.Tests.dll" adapterTypeName="executor://xunit/VsTestRunner3/netcore/" className="IdentityAuth.Domain.Tests.UserTests" name="RejectDealer_SetsRejectedStatusAndTrimmedReason" />
    </UnitTest>
    <UnitTest name="IdentityAuth.Domain.Tests.UserTests.ApproveDealer_ActivatesUserAndClearsRejectionReason" storage="c:\users\hey\desktop\demo\tests\identityauth.domain.tests\bin\release\net10.0\identityauth.domain.tests.dll" id="1efe4b94-cbf4-34ca-3492-a3f9bb877649">
      <Execution id="9e0afd54-5414-4337-9704-5fe8a57cae24" />
      <TestMethod codeBase="C:\Users\Hey\Desktop\demo\tests\IdentityAuth.Domain.Tests\bin\Release\net10.0\IdentityAuth.Domain.Tests.dll" adapterTypeName="executor://xunit/VsTestRunner3/netcore/" className="IdentityAuth.Domain.Tests.UserTests" name="ApproveDealer_ActivatesUserAndClearsRejectionReason" />
    </UnitTest>
    <UnitTest name="IdentityAuth.Domain.Tests.UserTests.CreateDealer_SetsDealerRolePendingStatusAndProfile" storage="c:\users\hey\desktop\demo\tests\identityauth.domain.tests\bin\release\net10.0\identityauth.domain.tests.dll" id="f3083166-06d6-4e12-f1cb-102a79940166">
      <Execution id="268b751a-4f98-4987-9534-a9dce0f2ace9" />
      <TestMethod codeBase="C:\Users\Hey\Desktop\demo\tests\IdentityAuth.Domain.Tests\bin\Release\net10.0\IdentityAuth.Domain.Tests.dll" adapterTypeName="executor://xunit/VsTestRunner3/netcore/" className="IdentityAuth.Domain.Tests.UserTests" name="CreateDealer_SetsDealerRolePendingStatusAndProfile" />
    </UnitTest>
  </TestDefinitions>
  <TestEntries>
    <TestEntry testId="31c045f6-011c-eeec-9dea-37174833d81e" executionId="74f31396-f5de-49f4-80d2-fb6b0bae21a0" testListId="8c84fa94-04c1-424b-9868-57a2d4851a1d" />
    <TestEntry testId="1efe4b94-cbf4-34ca-3492-a3f9bb877649" executionId="9e0afd54-5414-4337-9704-5fe8a57cae24" testListId="8c84fa94-04c1-424b-9868-57a2d4851a1d" />
    <TestEntry testId="f3083166-06d6-4e12-f1cb-102a79940166" executionId="268b751a-4f98-4987-9534-a9dce0f2ace9" testListId="8c84fa94-04c1-424b-9868-57a2d4851a1d" />
    <TestEntry testId="e795c42d-ca3d-caef-ccff-8fe79ffd0268" executionId="8a112586-e99c-477f-adac-41c8cf935665" testListId="8c84fa94-04c1-424b-9868-57a2d4851a1d" />
  </TestEntries>
  <TestLists>
    <TestList name="Results Not in a List" id="8c84fa94-04c1-424b-9868-57a2d4851a1d" />
    <TestList name="All Loaded Results" id="19431567-8539-422a-85d7-44ee4e166bda" />
  </TestLists>
  <ResultSummary outcome="Completed">
    <Counters total="4" executed="4" passed="4" failed="0" error="0" timeout="0" aborted="0" inconclusive="0" passedButRunAborted="0" notRunnable="0" notExecuted="0" disconnected="0" warning="0" completed="0" inProgress="0" pending="0" />
    <Output>
      <StdOut>[xUnit.net 00:00:00.00] xUnit.net VSTest Adapter v3.1.4+50e68bbb8b (64-bit .NET 10.0.5)&#xD;
[xUnit.net 00:00:00.28]   Discovering: IdentityAuth.Domain.Tests&#xD;
[xUnit.net 00:00:00.53]   Discovered:  IdentityAuth.Domain.Tests&#xD;
[xUnit.net 00:00:00.65]   Starting:    IdentityAuth.Domain.Tests&#xD;
[xUnit.net 00:00:00.83]   Finished:    IdentityAuth.Domain.Tests&#xD;
</StdOut>
    </Output>
  </ResultSummary>
</TestRun>