<?xml version="1.0" encoding="utf-8"?>
<TestRun id="65983b06-03bc-4093-b1be-c810d93c5868" name="Hey@DESKTOP-NFND817 2026-04-13 16:01:51" runUser="DESKTOP-NFND817\Hey" xmlns="http://microsoft.com/schemas/VisualStudio/TeamTest/2010">
  <Times creation="2026-04-13T16:01:51.4728095+05:30" queuing="2026-04-13T16:01:51.4728103+05:30" start="2026-04-13T16:01:41.3383394+05:30" finish="2026-04-13T16:01:51.6115516+05:30" />
  <TestSettings name="default" id="6a504e03-17cd-4616-ac70-0563bff54d97">
    <Deployment runDeploymentRoot="Hey_DESKTOP-NFND817_2026-04-13_16_01_51" />
  </TestSettings>
  <Results>
    <UnitTestResult executionId="3324e852-38eb-4bfd-bab4-7c3bf5cc199b" testId="e40812fe-2019-8eb9-61cb-3f20169322c2" testName="LogisticsTracking.Domain.Tests.ShipmentTests.UpdateStatus_ToDelivered_WithoutVehicle_Throws" computerName="DESKTOP-NFND817" duration="00:00:02.2880289" startTime="2026-04-13T16:01:49.1767420+05:30" endTime="2026-04-13T16:01:51.3890394+05:30" testType="13cdc9d9-ddb5-4fa4-a97d-d965ccfc6d4b" outcome="Passed" testListId="8c84fa94-04c1-424b-9868-57a2d4851a1d" relativeResultsDirectory="3324e852-38eb-4bfd-bab4-7c3bf5cc199b" />
    <UnitTestResult executionId="02736ba8-ae4d-445e-a326-964db8d97a59" testId="0c22eca1-0ae3-f640-11e3-98afaea3a717" testName="LogisticsTracking.Domain.Tests.ShipmentTests.AssignAgent_FromCreated_MovesToAssignedAndAddsEvent" computerName="DESKTOP-NFND817" duration="00:00:00.0312143" startTime="2026-04-13T16:01:51.4429601+05:30" endTime="2026-04-13T16:01:51.4431485+05:30" testType="13cdc9d9-ddb5-4fa4-a97d-d965ccfc6d4b" outcome="Passed" testListId="8c84fa94-04c1-424b-9868-57a2d4851a1d" relativeResultsDirectory="02736ba8-ae4d-445e-a326-964db8d97a59" />
    <UnitTestResult executionId="2936b011-e007-4fd0-9911-3323e25bc0b8" testId="73024176-4542-bcc8-2c2f-28262e6b65bf" testName="LogisticsTracking.Domain.Tests.ShipmentTests.UpdateStatus_ToDelivered_SetsDeliveredTimestamp" computerName="DESKTOP-NFND817" duration="00:00:00.0003501" startTime="2026-04-13T16:01:51.4487569+05:30" endTime="2026-04-13T16:01:51.4489104+05:30" testType="13cdc9d9-ddb5-4fa4-a97d-d965ccfc6d4b" outcome="Passed" testListId="8c84fa94-04c1-424b-9868-57a2d4851a1d" relativeResultsDirectory="2936b011-e007-4fd0-9911-3323e25bc0b8" />
    <UnitTestResult executionId="ccd8b299-aca0-43e1-b7b0-f5db7a0830c4" testId="04b95f23-ff3a-0b62-3248-872a54c5e3a1" testName="LogisticsTracking.Domain.Tests.ShipmentTests.RateDeliveryAgent_AfterDelivery_PersistsRatingDetails" computerName="DESKTOP-NFND817" duration="00:00:00.0154978" startTime="2026-04-13T16:01:51.4417043+05:30" endTime="2026-04-13T16:01:51.4418842+05:30" testType="13cdc9d9-ddb5-4fa4-a97d-d965ccfc6d4b" outcome="Passed" testListId="8c84fa94-04c1-424b-9868-57a2d4851a1d" relativeResultsDirectory="ccd8b299-aca0-43e1-b7b0-f5db7a0830c4" />
    <UnitTestResult executionId="e9b38b9e-f562-40aa-8005-ec03550a3eb0" testId="3f672abe-8888-4e0a-70d4-3b81c17adf34" testName="LogisticsTracking.Domain.Tests.ShipmentTests.AssignVehicle_BlankValue_Throws" computerName="DESKTOP-NFND817" duration="00:00:00.0007017" startTime="2026-04-13T16:01:51.4399324+05:30" endTime="2026-04-13T16:01:51.4402573+05:30" testType="13cdc9d9-ddb5-4fa4-a97d-d965ccfc6d4b" outcome="Passed" testListId="8c84fa94-04c1-424b-9868-57a2d4851a1d" relativeResultsDirectory="e9b38b9e-f562-40aa-8005-ec03550a3eb0" />
    <UnitTestResult executionId="9f40815c-4d42-473c-880f-fd4caff95ae1" testId="f50a5f39-7223-32c0-7624-921ff2bc395c" testName="LogisticsTracking.Domain.Tests.ShipmentTests.RateDeliveryAgent_BeforeDelivery_Throws" computerName="DESKTOP-NFND817" duration="00:00:00.0004111" startTime="2026-04-13T16:01:51.4566695+05:30" endTime="2026-04-13T16:01:51.4570574+05:30" testType="13cdc9d9-ddb5-4fa4-a97d-d965ccfc6d4b" outcome="Passed" testListId="8c84fa94-04c1-424b-9868-57a2d4851a1d" relativeResultsDirectory="9f40815c-4d42-473c-880f-fd4caff95ae1" />
    <UnitTestResult executionId="d3ec8071-c9e0-48f2-a1c0-6cf15b8141ce" testId="ee30fc45-391f-cccb-d644-ccbbb67f0c77" testName="LogisticsTracking.Domain.Tests.ShipmentTests.Create_InitializesCreatedStateAndFirstEvent" computerName="DESKTOP-NFND817" duration="00:00:00.0104451" startTime="2026-04-13T16:01:51.4435667+05:30" endTime="2026-04-13T16:01:51.4482535+05:30" testType="13cdc9d9-ddb5-4fa4-a97d-d965ccfc6d4b" outcome="Passed" testListId="8c84fa94-04c1-424b-9868-57a2d4851a1d" relativeResultsDirectory="d3ec8071-c9e0-48f2-a1c0-6cf15b8141ce" />
  </Results>
  <TestDefinitions>
    <UnitTest name="LogisticsTracking.Domain.Tests.ShipmentTests.UpdateStatus_ToDelivered_SetsDeliveredTimestamp" storage="c:\users\hey\desktop\demo\tests\logisticstracking.domain.tests\bin\release\net10.0\logisticstracking.domain.tests.dll" id="73024176-4542-bcc8-2c2f-28262e6b65bf">
      <Execution id="2936b011-e007-4fd0-9911-3323e25bc0b8" />
      <TestMethod codeBase="C:\Users\Hey\Desktop\demo\tests\LogisticsTracking.Domain.Tests\bin\Release\net10.0\LogisticsTracking.Domain.Tests.dll" adapterTypeName="executor://xunit/VsTestRunner3/netcore/" className="LogisticsTracking.Domain.Tests.ShipmentTests" name="UpdateStatus_ToDelivered_SetsDeliveredTimestamp" />
    </UnitTest>
    <UnitTest name="LogisticsTracking.Domain.Tests.ShipmentTests.Create_InitializesCreatedStateAndFirstEvent" storage="c:\users\hey\desktop\demo\tests\logisticstracking.domain.tests\bin\release\net10.0\logisticstracking.domain.tests.dll" id="ee30fc45-391f-cccb-d644-ccbbb67f0c77">
      <Execution id="d3ec8071-c9e0-48f2-a1c0-6cf15b8141ce" />
      <TestMethod codeBase="C:\Users\Hey\Desktop\demo\tests\LogisticsTracking.Domain.Tests\bin\Release\net10.0\LogisticsTracking.Domain.Tests.dll" adapterTypeName="executor://xunit/VsTestRunner3/netcore/" className="LogisticsTracking.Domain.Tests.ShipmentTests" name="Create_InitializesCreatedStateAndFirstEvent" />
    </UnitTest>
    <UnitTest name="LogisticsTracking.Domain.Tests.ShipmentTests.AssignAgent_FromCreated_MovesToAssignedAndAddsEvent" storage="c:\users\hey\desktop\demo\tests\logisticstracking.domain.tests\bin\release\net10.0\logisticstracking.domain.tests.dll" id="0c22eca1-0ae3-f640-11e3-98afaea3a717">
      <Execution id="02736ba8-ae4d-445e-a326-964db8d97a59" />
      <TestMethod codeBase="C:\Users\Hey\Desktop\demo\tests\LogisticsTracking.Domain.Tests\bin\Release\net10.0\LogisticsTracking.Domain.Tests.dll" adapterTypeName="executor://xunit/VsTestRunner3/netcore/" className="LogisticsTracking.Domain.Tests.ShipmentTests" name="AssignAgent_FromCreated_MovesToAssignedAndAddsEvent" />
    </UnitTest>
    <UnitTest name="LogisticsTracking.Domain.Tests.ShipmentTests.RateDeliveryAgent_BeforeDelivery_Throws" storage="c:\users\hey\desktop\demo\tests\logisticstracking.domain.tests\bin\release\net10.0\logisticstracking.domain.tests.dll" id="f50a5f39-7223-32c0-7624-921ff2bc395c">
      <Execution id="9f40815c-4d42-473c-880f-fd4caff95ae1" />
      <TestMethod codeBase="C:\Users\Hey\Desktop\demo\tests\LogisticsTracking.Domain.Tests\bin\Release\net10.0\LogisticsTracking.Domain.Tests.dll" adapterTypeName="executor://xunit/VsTestRunner3/netcore/" className="LogisticsTracking.Domain.Tests.ShipmentTests" name="RateDeliveryAgent_BeforeDelivery_Throws" />
    </UnitTest>
    <UnitTest name="LogisticsTracking.Domain.Tests.ShipmentTests.UpdateStatus_ToDelivered_WithoutVehicle_Throws" storage="c:\users\hey\desktop\demo\tests\logisticstracking.domain.tests\bin\release\net10.0\logisticstracking.domain.tests.dll" id="e40812fe-2019-8eb9-61cb-3f20169322c2">
      <Execution id="3324e852-38eb-4bfd-bab4-7c3bf5cc199b" />
      <TestMethod codeBase="C:\Users\Hey\Desktop\demo\tests\LogisticsTracking.Domain.Tests\bin\Release\net10.0\LogisticsTracking.Domain.Tests.dll" adapterTypeName="executor://xunit/VsTestRunner3/netcore/" className="LogisticsTracking.Domain.Tests.ShipmentTests" name="UpdateStatus_ToDelivered_WithoutVehicle_Throws" />
    </UnitTest>
    <UnitTest name="LogisticsTracking.Domain.Tests.ShipmentTests.RateDeliveryAgent_AfterDelivery_PersistsRatingDetails" storage="c:\users\hey\desktop\demo\tests\logisticstracking.domain.tests\bin\release\net10.0\logisticstracking.domain.tests.dll" id="04b95f23-ff3a-0b62-3248-872a54c5e3a1">
      <Execution id="ccd8b299-aca0-43e1-b7b0-f5db7a0830c4" />
      <TestMethod codeBase="C:\Users\Hey\Desktop\demo\tests\LogisticsTracking.Domain.Tests\bin\Release\net10.0\LogisticsTracking.Domain.Tests.dll" adapterTypeName="executor://xunit/VsTestRunner3/netcore/" className="LogisticsTracking.Domain.Tests.ShipmentTests" name="RateDeliveryAgent_AfterDelivery_PersistsRatingDetails" />
    </UnitTest>
    <UnitTest name="LogisticsTracking.Domain.Tests.ShipmentTests.AssignVehicle_BlankValue_Throws" storage="c:\users\hey\desktop\demo\tests\logisticstracking.domain.tests\bin\release\net10.0\logisticstracking.domain.tests.dll" id="3f672abe-8888-4e0a-70d4-3b81c17adf34">
      <Execution id="e9b38b9e-f562-40aa-8005-ec03550a3eb0" />
      <TestMethod codeBase="C:\Users\Hey\Desktop\demo\tests\LogisticsTracking.Domain.Tests\bin\Release\net10.0\LogisticsTracking.Domain.Tests.dll" adapterTypeName="executor://xunit/VsTestRunner3/netcore/" className="LogisticsTracking.Domain.Tests.ShipmentTests" name="AssignVehicle_BlankValue_Throws" />
    </UnitTest>
  </TestDefinitions>
  <TestEntries>
    <TestEntry testId="e40812fe-2019-8eb9-61cb-3f20169322c2" executionId="3324e852-38eb-4bfd-bab4-7c3bf5cc199b" testListId="8c84fa94-04c1-424b-9868-57a2d4851a1d" />
    <TestEntry testId="0c22eca1-0ae3-f640-11e3-98afaea3a717" executionId="02736ba8-ae4d-445e-a326-964db8d97a59" testListId="8c84fa94-04c1-424b-9868-57a2d4851a1d" />
    <TestEntry testId="73024176-4542-bcc8-2c2f-28262e6b65bf" executionId="2936b011-e007-4fd0-9911-3323e25bc0b8" testListId="8c84fa94-04c1-424b-9868-57a2d4851a1d" />
    <TestEntry testId="04b95f23-ff3a-0b62-3248-872a54c5e3a1" executionId="ccd8b299-aca0-43e1-b7b0-f5db7a0830c4" testListId="8c84fa94-04c1-424b-9868-57a2d4851a1d" />
    <TestEntry testId="3f672abe-8888-4e0a-70d4-3b81c17adf34" executionId="e9b38b9e-f562-40aa-8005-ec03550a3eb0" testListId="8c84fa94-04c1-424b-9868-57a2d4851a1d" />
    <TestEntry testId="f50a5f39-7223-32c0-7624-921ff2bc395c" executionId="9f40815c-4d42-473c-880f-fd4caff95ae1" testListId="8c84fa94-04c1-424b-9868-57a2d4851a1d" />
    <TestEntry testId="ee30fc45-391f-cccb-d644-ccbbb67f0c77" executionId="d3ec8071-c9e0-48f2-a1c0-6cf15b8141ce" testListId="8c84fa94-04c1-424b-9868-57a2d4851a1d" />
  </TestEntries>
  <TestLists>
    <TestList name="Results Not in a List" id="8c84fa94-04c1-424b-9868-57a2d4851a1d" />
    <TestList name="All Loaded Results" id="19431567-8539-422a-85d7-44ee4e166bda" />
  </TestLists>
  <ResultSummary outcome="Completed">
    <Counters total="7" executed="7" passed="7" failed="0" error="0" timeout="0" aborted="0" inconclusive="0" passedButRunAborted="0" notRunnable="0" notExecuted="0" disconnected="0" warning="0" completed="0" inProgress="0" pending="0" />
    <Output>
      <StdOut>[xUnit.net 00:00:00.00] xUnit.net VSTest Adapter v3.1.4+50e68bbb8b (64-bit .NET 10.0.5)&#xD;
[xUnit.net 00:00:02.28]   Discovering: LogisticsTracking.Domain.Tests&#xD;
[xUnit.net 00:00:02.40]   Discovered:  LogisticsTracking.Domain.Tests&#xD;
[xUnit.net 00:00:02.46]   Starting:    LogisticsTracking.Domain.Tests&#xD;
[xUnit.net 00:00:04.91]   Finished:    LogisticsTracking.Domain.Tests&#xD;
</StdOut>
    </Output>
  </ResultSummary>
</TestRun>